This file contains any messages produced by compilers while
running configure, to aid debugging if configure makes a mistake.

It was created by jamvm configure 2.0.1-devel, which was
generated by GNU Autoconf 2.69.  Invocation command line was

  $ ./configure --enable-tracethread

## --------- ##
## Platform. ##
## --------- ##

hostname = ubuntu1604
uname -m = x86_64
uname -r = 4.4.0-87-generic
uname -s = Linux
uname -v = #110-Ubuntu SMP Tue Jul 18 12:55:35 UTC 2017

/usr/bin/uname -p = unknown
/bin/uname -X     = unknown

/bin/arch              = unknown
/usr/bin/arch -k       = unknown
/usr/convex/getsysinfo = unknown
/usr/bin/hostinfo      = unknown
/bin/machine           = unknown
/usr/bin/oslevel       = unknown
/bin/universe          = unknown

PATH: /home/vagrant/bin
PATH: /home/vagrant/.local/bin
PATH: /usr/local/sbin
PATH: /usr/local/bin
PATH: /usr/sbin
PATH: /usr/bin
PATH: /sbin
PATH: /bin
PATH: /usr/games
PATH: /usr/local/games
PATH: /snap/bin
PATH: /usr/lib/jvm/java-8-oracle/bin
PATH: /usr/lib/jvm/java-8-oracle/db/bin
PATH: /usr/lib/jvm/java-8-oracle/jre/bin


## ----------- ##
## Core tests. ##
## ----------- ##

configure:2415: checking for a BSD-compatible install
configure:2483: result: /usr/bin/install -c
configure:2494: checking whether build environment is sane
configure:2549: result: yes
configure:2700: checking for a thread-safe mkdir -p
configure:2739: result: /bin/mkdir -p
configure:2746: checking for gawk
configure:2762: found /usr/bin/gawk
configure:2773: result: gawk
configure:2784: checking whether make sets $(MAKE)
configure:2806: result: yes
configure:2835: checking whether make supports nested variables
configure:2852: result: yes
configure:2983: checking build system type
configure:2997: result: x86_64-pc-linux-gnu
configure:3017: checking host system type
configure:3030: result: x86_64-pc-linux-gnu
configure:3463: checking how to print strings
configure:3490: result: printf
configure:3523: checking for style of include used by make
configure:3551: result: GNU
configure:3622: checking for gcc
configure:3638: found /usr/bin/gcc
configure:3649: result: gcc
configure:3878: checking for C compiler version
configure:3887: gcc --version >&5
gcc (Ubuntu 5.4.0-6ubuntu1~16.04.9) 5.4.0 20160609
Copyright (C) 2015 Free Software Foundation, Inc.
This is free software; see the source for copying conditions.  There is NO
warranty; not even for MERCHANTABILITY or FITNESS FOR A PARTICULAR PURPOSE.

configure:3898: $? = 0
configure:3887: gcc -v >&5
Using built-in specs.
COLLECT_GCC=gcc
COLLECT_LTO_WRAPPER=/usr/lib/gcc/x86_64-linux-gnu/5/lto-wrapper
Target: x86_64-linux-gnu
Configured with: ../src/configure -v --with-pkgversion='Ubuntu 5.4.0-6ubuntu1~16.04.9' --with-bugurl=file:///usr/share/doc/gcc-5/README.Bugs --enable-languages=c,ada,c++,java,go,d,fortran,objc,obj-c++ --prefix=/usr --program-suffix=-5 --enable-shared --enable-linker-build-id --libexecdir=/usr/lib --without-included-gettext --enable-threads=posix --libdir=/usr/lib --enable-nls --with-sysroot=/ --enable-clocale=gnu --enable-libstdcxx-debug --enable-libstdcxx-time=yes --with-default-libstdcxx-abi=new --enable-gnu-unique-object --disable-vtable-verify --enable-libmpx --enable-plugin --with-system-zlib --disable-browser-plugin --enable-java-awt=gtk --enable-gtk-cairo --with-java-home=/usr/lib/jvm/java-1.5.0-gcj-5-amd64/jre --enable-java-home --with-jvm-root-dir=/usr/lib/jvm/java-1.5.0-gcj-5-amd64 --with-jvm-jar-dir=/usr/lib/jvm-exports/java-1.5.0-gcj-5-amd64 --with-arch-directory=amd64 --with-ecj-jar=/usr/share/java/eclipse-ecj.jar --enable-objc-gc --enable-multiarch --disable-werror --with-arch-32=i686 --with-abi=m64 --with-multilib-list=m32,m64,mx32 --enable-multilib --with-tune=generic --enable-checking=release --build=x86_64-linux-gnu --host=x86_64-linux-gnu --target=x86_64-linux-gnu
Thread model: posix
gcc version 5.4.0 20160609 (Ubuntu 5.4.0-6ubuntu1~16.04.9) 
configure:3898: $? = 0
configure:3887: gcc -V >&5
gcc: error: unrecognized command line option '-V'
gcc: fatal error: no input files
compilation terminated.
configure:3898: $? = 1
configure:3887: gcc -qversion >&5
gcc: error: unrecognized command line option '-qversion'
gcc: fatal error: no input files
compilation terminated.
configure:3898: $? = 1
configure:3918: checking whether the C compiler works
configure:3940: gcc -g -O0   conftest.c  >&5
configure:3944: $? = 0
configure:3992: result: yes
configure:3995: checking for C compiler default output file name
configure:3997: result: a.out
configure:4003: checking for suffix of executables
configure:4010: gcc -o conftest -g -O0   conftest.c  >&5
configure:4014: $? = 0
configure:4036: result: 
configure:4058: checking whether we are cross compiling
configure:4066: gcc -o conftest -g -O0   conftest.c  >&5
configure:4070: $? = 0
configure:4077: ./conftest
configure:4081: $? = 0
configure:4096: result: no
configure:4101: checking for suffix of object files
configure:4123: gcc -c -g -O0  conftest.c >&5
configure:4127: $? = 0
configure:4148: result: o
configure:4152: checking whether we are using the GNU C compiler
configure:4171: gcc -c -g -O0  conftest.c >&5
configure:4171: $? = 0
configure:4180: result: yes
configure:4189: checking whether gcc accepts -g
configure:4209: gcc -c -g  conftest.c >&5
configure:4209: $? = 0
configure:4250: result: yes
configure:4267: checking for gcc option to accept ISO C89
configure:4330: gcc  -c -g -O0  conftest.c >&5
configure:4330: $? = 0
configure:4343: result: none needed
configure:4368: checking whether gcc understands -c and -o together
configure:4390: gcc -c conftest.c -o conftest2.o
configure:4393: $? = 0
configure:4390: gcc -c conftest.c -o conftest2.o
configure:4393: $? = 0
configure:4405: result: yes
configure:4424: checking dependency style of gcc
configure:4535: result: gcc3
configure:4550: checking for a sed that does not truncate output
configure:4614: result: /bin/sed
configure:4632: checking for grep that handles long lines and -e
configure:4690: result: /bin/grep
configure:4695: checking for egrep
configure:4757: result: /bin/grep -E
configure:4762: checking for fgrep
configure:4824: result: /bin/grep -F
configure:4859: checking for ld used by gcc
configure:4926: result: /usr/bin/ld
configure:4933: checking if the linker (/usr/bin/ld) is GNU ld
configure:4948: result: yes
configure:4960: checking for BSD- or MS-compatible name lister (nm)
configure:5014: result: /usr/bin/nm -B
configure:5144: checking the name lister (/usr/bin/nm -B) interface
configure:5151: gcc -c -g -O0  conftest.c >&5
configure:5154: /usr/bin/nm -B "conftest.o"
configure:5157: output
0000000000000000 B some_variable
configure:5164: result: BSD nm
configure:5167: checking whether ln -s works
configure:5171: result: yes
configure:5179: checking the maximum length of command line arguments
configure:5310: result: 1572864
configure:5358: checking how to convert x86_64-pc-linux-gnu file names to x86_64-pc-linux-gnu format
configure:5398: result: func_convert_file_noop
configure:5405: checking how to convert x86_64-pc-linux-gnu file names to toolchain format
configure:5425: result: func_convert_file_noop
configure:5432: checking for /usr/bin/ld option to reload object files
configure:5439: result: -r
configure:5513: checking for objdump
configure:5529: found /usr/bin/objdump
configure:5540: result: objdump
configure:5572: checking how to recognize dependent libraries
configure:5772: result: pass_all
configure:5857: checking for dlltool
configure:5887: result: no
configure:5917: checking how to associate runtime and link libraries
configure:5944: result: printf %s\n
configure:6005: checking for ar
configure:6021: found /usr/bin/ar
configure:6032: result: ar
configure:6069: checking for archiver @FILE support
configure:6086: gcc -c -g -O0  conftest.c >&5
configure:6086: $? = 0
configure:6089: ar cru libconftest.a @conftest.lst >&5
ar: `u' modifier ignored since `D' is the default (see `U')
configure:6092: $? = 0
configure:6097: ar cru libconftest.a @conftest.lst >&5
ar: `u' modifier ignored since `D' is the default (see `U')
ar: conftest.o: No such file or directory
configure:6100: $? = 1
configure:6112: result: @
configure:6170: checking for strip
configure:6186: found /usr/bin/strip
configure:6197: result: strip
configure:6269: checking for ranlib
configure:6285: found /usr/bin/ranlib
configure:6296: result: ranlib
configure:6398: checking command to parse /usr/bin/nm -B output from gcc object
configure:6551: gcc -c -g -O0  conftest.c >&5
configure:6554: $? = 0
configure:6558: /usr/bin/nm -B conftest.o \| sed -n -e 's/^.*[ ]\([ABCDGIRSTW][ABCDGIRSTW]*\)[ ][ ]*\([_A-Za-z][_A-Za-z0-9]*\)$/\1 \2 \2/p' | sed '/ __gnu_lto/d' \> conftest.nm
configure:6561: $? = 0
configure:6627: gcc -o conftest -g -O0   conftest.c conftstm.o >&5
configure:6630: $? = 0
configure:6668: result: ok
configure:6715: checking for sysroot
configure:6745: result: no
configure:6752: checking for a working dd
configure:6790: result: /bin/dd
configure:6794: checking how to truncate binary pipes
configure:6809: result: /bin/dd bs=4096 count=1
configure:6945: gcc -c -g -O0  conftest.c >&5
configure:6948: $? = 0
configure:7138: checking for mt
configure:7154: found /bin/mt
configure:7165: result: mt
configure:7188: checking if mt is a manifest tool
configure:7194: mt '-?'
configure:7202: result: no
configure:7879: checking how to run the C preprocessor
configure:7910: gcc -E  conftest.c
configure:7910: $? = 0
configure:7924: gcc -E  conftest.c
conftest.c:17:28: fatal error: ac_nonexistent.h: No such file or directory
compilation terminated.
configure:7924: $? = 1
configure: failed program was:
| /* confdefs.h */
| #define PACKAGE_NAME "jamvm"
| #define PACKAGE_TARNAME "jamvm"
| #define PACKAGE_VERSION "2.0.1-devel"
| #define PACKAGE_STRING "jamvm 2.0.1-devel"
| #define PACKAGE_BUGREPORT ""
| #define PACKAGE_URL ""
| #define PACKAGE "jamvm"
| #define VERSION "2.0.1-devel"
| #define TRACETHREAD 1
| #define THREADED 1
| #define DIRECT 1
| #define INLINING 1
| #define CLASSPATH_INSTALL_DIR "/usr/local/classpath"
| #define INSTALL_DIR "/usr/local/jamvm"
| /* end confdefs.h.  */
| #include <ac_nonexistent.h>
configure:7949: result: gcc -E
configure:7969: gcc -E  conftest.c
configure:7969: $? = 0
configure:7983: gcc -E  conftest.c
conftest.c:17:28: fatal error: ac_nonexistent.h: No such file or directory
compilation terminated.
configure:7983: $? = 1
configure: failed program was:
| /* confdefs.h */
| #define PACKAGE_NAME "jamvm"
| #define PACKAGE_TARNAME "jamvm"
| #define PACKAGE_VERSION "2.0.1-devel"
| #define PACKAGE_STRING "jamvm 2.0.1-devel"
| #define PACKAGE_BUGREPORT ""
| #define PACKAGE_URL ""
| #define PACKAGE "jamvm"
| #define VERSION "2.0.1-devel"
| #define TRACETHREAD 1
| #define THREADED 1
| #define DIRECT 1
| #define INLINING 1
| #define CLASSPATH_INSTALL_DIR "/usr/local/classpath"
| #define INSTALL_DIR "/usr/local/jamvm"
| /* end confdefs.h.  */
| #include <ac_nonexistent.h>
configure:8012: checking for ANSI C header files
configure:8032: gcc -c -g -O0  conftest.c >&5
configure:8032: $? = 0
configure:8105: gcc -o conftest -g -O0   conftest.c  >&5
configure:8105: $? = 0
configure:8105: ./conftest
configure:8105: $? = 0
configure:8116: result: yes
configure:8129: checking for sys/types.h
configure:8129: gcc -c -g -O0  conftest.c >&5
configure:8129: $? = 0
configure:8129: result: yes
configure:8129: checking for sys/stat.h
configure:8129: gcc -c -g -O0  conftest.c >&5
configure:8129: $? = 0
configure:8129: result: yes
configure:8129: checking for stdlib.h
configure:8129: gcc -c -g -O0  conftest.c >&5
configure:8129: $? = 0
configure:8129: result: yes
configure:8129: checking for string.h
configure:8129: gcc -c -g -O0  conftest.c >&5
configure:8129: $? = 0
configure:8129: result: yes
configure:8129: checking for memory.h
configure:8129: gcc -c -g -O0  conftest.c >&5
configure:8129: $? = 0
configure:8129: result: yes
configure:8129: checking for strings.h
configure:8129: gcc -c -g -O0  conftest.c >&5
configure:8129: $? = 0
configure:8129: result: yes
configure:8129: checking for inttypes.h
configure:8129: gcc -c -g -O0  conftest.c >&5
configure:8129: $? = 0
configure:8129: result: yes
configure:8129: checking for stdint.h
configure:8129: gcc -c -g -O0  conftest.c >&5
configure:8129: $? = 0
configure:8129: result: yes
configure:8129: checking for unistd.h
configure:8129: gcc -c -g -O0  conftest.c >&5
configure:8129: $? = 0
configure:8129: result: yes
configure:8143: checking for dlfcn.h
configure:8143: gcc -c -g -O0  conftest.c >&5
configure:8143: $? = 0
configure:8143: result: yes
configure:8369: checking for objdir
configure:8384: result: .libs
configure:8644: checking if gcc supports -fno-rtti -fno-exceptions
configure:8662: gcc -c -g -O0  -fno-rtti -fno-exceptions conftest.c >&5
cc1: warning: command line option '-fno-rtti' is valid for C++/ObjC++ but not for C
configure:8666: $? = 0
configure:8679: result: no
configure:9037: checking for gcc option to produce PIC
configure:9044: result: -fPIC -DPIC
configure:9052: checking if gcc PIC flag -fPIC -DPIC works
configure:9070: gcc -c -g -O0  -fPIC -DPIC -DPIC conftest.c >&5
configure:9074: $? = 0
configure:9087: result: yes
configure:9116: checking if gcc static flag -static works
configure:9144: result: yes
configure:9159: checking if gcc supports -c -o file.o
configure:9180: gcc -c -g -O0  -o out/conftest2.o conftest.c >&5
configure:9184: $? = 0
configure:9206: result: yes
configure:9214: checking if gcc supports -c -o file.o
configure:9261: result: yes
configure:9294: checking whether the gcc linker (/usr/bin/ld -m elf_x86_64) supports shared libraries
configure:10557: result: yes
configure:10594: checking whether -lc should be explicitly linked in
configure:10602: gcc -c -g -O0  conftest.c >&5
configure:10605: $? = 0
configure:10620: gcc -shared  -fPIC -DPIC conftest.o  -v -Wl,-soname -Wl,conftest -o conftest 2\>\&1 \| /bin/grep  -lc  \>/dev/null 2\>\&1
configure:10623: $? = 0
configure:10637: result: no
configure:10797: checking dynamic linker characteristics
configure:11378: gcc -o conftest -g -O0   -Wl,-rpath -Wl,/foo conftest.c  >&5
configure:11378: $? = 0
configure:11627: result: GNU/Linux ld.so
configure:11749: checking how to hardcode library paths into programs
configure:11774: result: immediate
configure:12322: checking whether stripping libraries is possible
configure:12327: result: yes
configure:12362: checking if libtool supports shared libraries
configure:12364: result: yes
configure:12367: checking whether to build shared libraries
configure:12392: result: yes
configure:12395: checking whether to build static libraries
configure:12399: result: no
configure:12485: checking for gcc
configure:12512: result: gcc
configure:12741: checking for C compiler version
configure:12750: gcc --version >&5
gcc (Ubuntu 5.4.0-6ubuntu1~16.04.9) 5.4.0 20160609
Copyright (C) 2015 Free Software Foundation, Inc.
This is free software; see the source for copying conditions.  There is NO
warranty; not even for MERCHANTABILITY or FITNESS FOR A PARTICULAR PURPOSE.

configure:12761: $? = 0
configure:12750: gcc -v >&5
Using built-in specs.
COLLECT_GCC=gcc
COLLECT_LTO_WRAPPER=/usr/lib/gcc/x86_64-linux-gnu/5/lto-wrapper
Target: x86_64-linux-gnu
Configured with: ../src/configure -v --with-pkgversion='Ubuntu 5.4.0-6ubuntu1~16.04.9' --with-bugurl=file:///usr/share/doc/gcc-5/README.Bugs --enable-languages=c,ada,c++,java,go,d,fortran,objc,obj-c++ --prefix=/usr --program-suffix=-5 --enable-shared --enable-linker-build-id --libexecdir=/usr/lib --without-included-gettext --enable-threads=posix --libdir=/usr/lib --enable-nls --with-sysroot=/ --enable-clocale=gnu --enable-libstdcxx-debug --enable-libstdcxx-time=yes --with-default-libstdcxx-abi=new --enable-gnu-unique-object --disable-vtable-verify --enable-libmpx --enable-plugin --with-system-zlib --disable-browser-plugin --enable-java-awt=gtk --enable-gtk-cairo --with-java-home=/usr/lib/jvm/java-1.5.0-gcj-5-amd64/jre --enable-java-home --with-jvm-root-dir=/usr/lib/jvm/java-1.5.0-gcj-5-amd64 --with-jvm-jar-dir=/usr/lib/jvm-exports/java-1.5.0-gcj-5-amd64 --with-arch-directory=amd64 --with-ecj-jar=/usr/share/java/eclipse-ecj.jar --enable-objc-gc --enable-multiarch --disable-werror --with-arch-32=i686 --with-abi=m64 --with-multilib-list=m32,m64,mx32 --enable-multilib --with-tune=generic --enable-checking=release --build=x86_64-linux-gnu --host=x86_64-linux-gnu --target=x86_64-linux-gnu
Thread model: posix
gcc version 5.4.0 20160609 (Ubuntu 5.4.0-6ubuntu1~16.04.9) 
configure:12761: $? = 0
configure:12750: gcc -V >&5
gcc: error: unrecognized command line option '-V'
gcc: fatal error: no input files
compilation terminated.
configure:12761: $? = 1
configure:12750: gcc -qversion >&5
gcc: error: unrecognized command line option '-qversion'
gcc: fatal error: no input files
compilation terminated.
configure:12761: $? = 1
configure:12765: checking whether we are using the GNU C compiler
configure:12793: result: yes
configure:12802: checking whether gcc accepts -g
configure:12863: result: yes
configure:12880: checking for gcc option to accept ISO C89
configure:12956: result: none needed
configure:12981: checking whether gcc understands -c and -o together
configure:13018: result: yes
configure:13037: checking dependency style of gcc
configure:13148: result: gcc3
configure:13172: checking dependency style of gcc
configure:13281: result: gcc3
configure:13301: checking for ecj
configure:13317: found /usr/bin/ecj
configure:13328: result: ecj
configure:13341: checking for pthread_self in -lthr
configure:13366: gcc -o conftest -g -O0   conftest.c -lthr   >&5
/usr/bin/ld: cannot find -lthr
collect2: error: ld returned 1 exit status
configure:13366: $? = 1
configure: failed program was:
| /* confdefs.h */
| #define PACKAGE_NAME "jamvm"
| #define PACKAGE_TARNAME "jamvm"
| #define PACKAGE_VERSION "2.0.1-devel"
| #define PACKAGE_STRING "jamvm 2.0.1-devel"
| #define PACKAGE_BUGREPORT ""
| #define PACKAGE_URL ""
| #define PACKAGE "jamvm"
| #define VERSION "2.0.1-devel"
| #define TRACETHREAD 1
| #define THREADED 1
| #define DIRECT 1
| #define INLINING 1
| #define CLASSPATH_INSTALL_DIR "/usr/local/classpath"
| #define INSTALL_DIR "/usr/local/jamvm"
| #define STDC_HEADERS 1
| #define HAVE_SYS_TYPES_H 1
| #define HAVE_SYS_STAT_H 1
| #define HAVE_STDLIB_H 1
| #define HAVE_STRING_H 1
| #define HAVE_MEMORY_H 1
| #define HAVE_STRINGS_H 1
| #define HAVE_INTTYPES_H 1
| #define HAVE_STDINT_H 1
| #define HAVE_UNISTD_H 1
| #define HAVE_DLFCN_H 1
| #define LT_OBJDIR ".libs/"
| /* end confdefs.h.  */
| 
| /* Override any GCC internal prototype to avoid an error.
|    Use char because int might match the return type of a GCC
|    builtin and then its argument prototype would still apply.  */
| #ifdef __cplusplus
| extern "C"
| #endif
| char pthread_self ();
| int
| main ()
| {
| return pthread_self ();
|   ;
|   return 0;
| }
configure:13375: result: no
configure:13386: checking for pthread_self in -lpthread
configure:13411: gcc -o conftest -g -O0   conftest.c -lpthread   >&5
configure:13411: $? = 0
configure:13420: result: yes
configure:13437: checking for clock_gettime in -lrt
configure:13462: gcc -o conftest -g -O0   conftest.c -lrt  -lpthread  >&5
configure:13462: $? = 0
configure:13471: result: yes
configure:13483: checking for fmod in -lm
configure:13508: gcc -o conftest -g -O0   conftest.c -lm  -lrt -lpthread  >&5
conftest.c:38:6: warning: conflicting types for built-in function 'fmod'
 char fmod ();
      ^
configure:13508: $? = 0
configure:13517: result: yes
configure:13532: checking for dlopen in -ldl
configure:13557: gcc -o conftest -g -O0   conftest.c -ldl  -lm -lrt -lpthread  >&5
configure:13557: $? = 0
configure:13566: result: yes
configure:13582: checking for inflate in -lz
configure:13607: gcc -o conftest -g -O0   conftest.c -lz  -ldl -lm -lrt -lpthread  >&5
configure:13607: $? = 0
configure:13616: result: yes
configure:13681: checking for ANSI C header files
configure:13785: result: yes
configure:13796: checking sys/time.h usability
configure:13796: gcc -c -g -O0  conftest.c >&5
configure:13796: $? = 0
configure:13796: result: yes
configure:13796: checking sys/time.h presence
configure:13796: gcc -E  conftest.c
configure:13796: $? = 0
configure:13796: result: yes
configure:13796: checking for sys/time.h
configure:13796: result: yes
configure:13796: checking for unistd.h
configure:13796: result: yes
configure:13796: checking endian.h usability
configure:13796: gcc -c -g -O0  conftest.c >&5
configure:13796: $? = 0
configure:13796: result: yes
configure:13796: checking endian.h presence
configure:13796: gcc -E  conftest.c
configure:13796: $? = 0
configure:13796: result: yes
configure:13796: checking for endian.h
configure:13796: result: yes
configure:13796: checking sys/param.h usability
configure:13796: gcc -c -g -O0  conftest.c >&5
configure:13796: $? = 0
configure:13796: result: yes
configure:13796: checking sys/param.h presence
configure:13796: gcc -E  conftest.c
configure:13796: $? = 0
configure:13796: result: yes
configure:13796: checking for sys/param.h
configure:13796: result: yes
configure:13796: checking locale.h usability
configure:13796: gcc -c -g -O0  conftest.c >&5
configure:13796: $? = 0
configure:13796: result: yes
configure:13796: checking locale.h presence
configure:13796: gcc -E  conftest.c
configure:13796: $? = 0
configure:13796: result: yes
configure:13796: checking for locale.h
configure:13796: result: yes
configure:13796: checking alloca.h usability
configure:13796: gcc -c -g -O0  conftest.c >&5
configure:13796: $? = 0
configure:13796: result: yes
configure:13796: checking alloca.h presence
configure:13796: gcc -E  conftest.c
configure:13796: $? = 0
configure:13796: result: yes
configure:13796: checking for alloca.h
configure:13796: result: yes
configure:13808: checking zlib.h usability
configure:13808: gcc -c -g -O0  conftest.c >&5
configure:13808: $? = 0
configure:13808: result: yes
configure:13808: checking zlib.h presence
configure:13808: gcc -E  conftest.c
configure:13808: $? = 0
configure:13808: result: yes
configure:13808: checking for zlib.h
configure:13808: result: yes
configure:13861: checking for an ANSI C-conforming const
configure:13927: gcc -c -g -O0  conftest.c >&5
configure:13927: $? = 0
configure:13934: result: yes
configure:13942: checking whether time.h and sys/time.h may both be included
configure:13962: gcc -c -g -O0  conftest.c >&5
configure:13962: $? = 0
configure:13969: result: yes
configure:13978: checking for size_t
configure:13978: gcc -c -g -O0  conftest.c >&5
configure:13978: $? = 0
configure:13978: gcc -c -g -O0  conftest.c >&5
conftest.c: In function 'main':
conftest.c:79:21: error: expected expression before ')' token
 if (sizeof ((size_t)))
                     ^
configure:13978: $? = 1
configure: failed program was:
| /* confdefs.h */
| #define PACKAGE_NAME "jamvm"
| #define PACKAGE_TARNAME "jamvm"
| #define PACKAGE_VERSION "2.0.1-devel"
| #define PACKAGE_STRING "jamvm 2.0.1-devel"
| #define PACKAGE_BUGREPORT ""
| #define PACKAGE_URL ""
| #define PACKAGE "jamvm"
| #define VERSION "2.0.1-devel"
| #define TRACETHREAD 1
| #define THREADED 1
| #define DIRECT 1
| #define INLINING 1
| #define CLASSPATH_INSTALL_DIR "/usr/local/classpath"
| #define INSTALL_DIR "/usr/local/jamvm"
| #define STDC_HEADERS 1
| #define HAVE_SYS_TYPES_H 1
| #define HAVE_SYS_STAT_H 1
| #define HAVE_STDLIB_H 1
| #define HAVE_STRING_H 1
| #define HAVE_MEMORY_H 1
| #define HAVE_STRINGS_H 1
| #define HAVE_INTTYPES_H 1
| #define HAVE_STDINT_H 1
| #define HAVE_UNISTD_H 1
| #define HAVE_DLFCN_H 1
| #define LT_OBJDIR ".libs/"
| #define HAVE_LIBPTHREAD 1
| #define HAVE_LIBRT 1
| #define HAVE_LIBM 1
| #define HAVE_LIBDL 1
| #define HAVE_LIBZ 1
| #define STDC_HEADERS 1
| #define HAVE_SYS_TIME_H 1
| #define HAVE_UNISTD_H 1
| #define HAVE_ENDIAN_H 1
| #define HAVE_SYS_PARAM_H 1
| #define HAVE_LOCALE_H 1
| #define HAVE_ALLOCA_H 1
| #define USE_ZIP 1
| #define TIME_WITH_SYS_TIME 1
| /* end confdefs.h.  */
| #include <stdio.h>
| #ifdef HAVE_SYS_TYPES_H
| # include <sys/types.h>
| #endif
| #ifdef HAVE_SYS_STAT_H
| # include <sys/stat.h>
| #endif
| #ifdef STDC_HEADERS
| # include <stdlib.h>
| # include <stddef.h>
| #else
| # ifdef HAVE_STDLIB_H
| #  include <stdlib.h>
| # endif
| #endif
| #ifdef HAVE_STRING_H
| # if !defined STDC_HEADERS && defined HAVE_MEMORY_H
| #  include <memory.h>
| # endif
| # include <string.h>
| #endif
| #ifdef HAVE_STRINGS_H
| # include <strings.h>
| #endif
| #ifdef HAVE_INTTYPES_H
| # include <inttypes.h>
| #endif
| #ifdef HAVE_STDINT_H
| # include <stdint.h>
| #endif
| #ifdef HAVE_UNISTD_H
| # include <unistd.h>
| #endif
| int
| main ()
| {
| if (sizeof ((size_t)))
| 	    return 0;
|   ;
|   return 0;
| }
configure:13978: result: yes
configure:13991: checking for working alloca.h
configure:14008: gcc -o conftest -g -O0   conftest.c -lz -ldl -lm -lrt -lpthread  >&5
configure:14008: $? = 0
configure:14016: result: yes
configure:14024: checking for alloca
configure:14061: gcc -o conftest -g -O0   conftest.c -lz -ldl -lm -lrt -lpthread  >&5
configure:14061: $? = 0
configure:14069: result: yes
configure:14181: checking for stdlib.h
configure:14181: result: yes
configure:14181: checking for unistd.h
configure:14181: result: yes
configure:14181: checking for sys/param.h
configure:14181: result: yes
configure:14201: checking for getpagesize
configure:14201: gcc -o conftest -g -O0   conftest.c -lz -ldl -lm -lrt -lpthread  >&5
configure:14201: $? = 0
configure:14201: result: yes
configure:14210: checking for working mmap
configure:14357: gcc -o conftest -g -O0   conftest.c -lz -ldl -lm -lrt -lpthread  >&5
configure:14357: $? = 0
configure:14357: ./conftest
configure:14357: $? = 0
configure:14367: result: yes
configure:14379: checking for gettimeofday
configure:14379: gcc -o conftest -g -O0   conftest.c -lz -ldl -lm -lrt -lpthread  >&5
configure:14379: $? = 0
configure:14379: result: yes
configure:14379: checking for strtol
configure:14379: gcc -o conftest -g -O0   conftest.c -lz -ldl -lm -lrt -lpthread  >&5
configure:14379: $? = 0
configure:14379: result: yes
configure:14379: checking for setlocale
configure:14379: gcc -o conftest -g -O0   conftest.c -lz -ldl -lm -lrt -lpthread  >&5
configure:14379: $? = 0
configure:14379: result: yes
configure:14389: checking for LC_MESSAGES
configure:14405: gcc -o conftest -g -O0   conftest.c -lz -ldl -lm -lrt -lpthread  >&5
configure:14405: $? = 0
configure:14413: result: yes
configure:14424: checking for __thread
configure:14441: gcc -o conftest -g -O0   conftest.c -lz -ldl -lm -lrt -lpthread  >&5
configure:14441: $? = 0
configure:14445: result: yes
configure:14521: checking whether to enable maintainer-specific portions of Makefiles
configure:14530: result: no
configure:14659: checking that generated files are newer than configure
configure:14665: result: done
configure:14704: creating ./config.status

## ---------------------- ##
## Running config.status. ##
## ---------------------- ##

This file was extended by jamvm config.status 2.0.1-devel, which was
generated by GNU Autoconf 2.69.  Invocation command line was

  CONFIG_FILES    = 
  CONFIG_HEADERS  = 
  CONFIG_LINKS    = 
  CONFIG_COMMANDS = 
  $ ./config.status 

on ubuntu1604

config.status:1189: creating Makefile
config.status:1189: creating src/Makefile
config.status:1189: creating src/interp/Makefile
config.status:1189: creating src/interp/engine/Makefile
config.status:1189: creating src/arch/Makefile
config.status:1189: creating src/os/Makefile
config.status:1189: creating src/os/linux/Makefile
config.status:1189: creating src/os/darwin/Makefile
config.status:1189: creating src/os/bsd/Makefile
config.status:1189: creating src/os/solaris/Makefile
config.status:1189: creating src/os/solaris/x86/Makefile
config.status:1189: creating src/os/linux/powerpc/Makefile
config.status:1189: creating src/os/linux/arm/Makefile
config.status:1189: creating src/os/linux/i386/Makefile
config.status:1189: creating src/os/linux/x86_64/Makefile
config.status:1189: creating src/os/linux/parisc/Makefile
config.status:1189: creating src/os/linux/mips/Makefile
config.status:1189: creating src/os/darwin/i386/Makefile
config.status:1189: creating src/os/darwin/arm/Makefile
config.status:1189: creating src/os/darwin/powerpc/Makefile
config.status:1189: creating src/os/bsd/powerpc/Makefile
config.status:1189: creating src/os/bsd/arm/Makefile
config.status:1189: creating src/os/bsd/i386/Makefile
config.status:1189: creating src/os/bsd/x86_64/Makefile
config.status:1189: creating src/os/bsd/sparc/Makefile
config.status:1189: creating src/classlib/Makefile
config.status:1189: creating src/classlib/openjdk/Makefile
config.status:1189: creating src/classlib/gnuclasspath/Makefile
config.status:1189: creating src/classlib/gnuclasspath/lib/Makefile
config.status:1189: creating src/classlib/gnuclasspath/lib/java/Makefile
config.status:1189: creating src/classlib/gnuclasspath/lib/java/lang/Makefile
config.status:1189: creating src/classlib/gnuclasspath/lib/jamvm/Makefile
config.status:1189: creating src/classlib/gnuclasspath/lib/jamvm/java/Makefile
config.status:1189: creating src/classlib/gnuclasspath/lib/jamvm/java/lang/Makefile
config.status:1189: creating src/classlib/gnuclasspath/lib/java/lang/reflect/Makefile
config.status:1189: creating src/classlib/gnuclasspath/lib/java/security/Makefile
config.status:1189: creating src/classlib/gnuclasspath/lib/gnu/Makefile
config.status:1189: creating src/classlib/gnuclasspath/lib/sun/reflect/annotation/Makefile
config.status:1189: creating src/classlib/gnuclasspath/lib/sun/reflect/Makefile
config.status:1189: creating src/classlib/gnuclasspath/lib/sun/Makefile
config.status:1189: creating src/classlib/gnuclasspath/lib/gnu/classpath/Makefile
config.status:1189: creating src/config.h
config.status:1430: linking src/arch/x86_64.h to src/arch.h
config.status:1430: linking src/classlib/gnuclasspath/classlib.h to src/classlib.h
config.status:1430: linking src/classlib/gnuclasspath/classlib-defs.h to src/classlib-defs.h
config.status:1430: linking src/classlib/gnuclasspath/classlib-excep.h to src/classlib-excep.h
config.status:1430: linking src/classlib/gnuclasspath/classlib-symbol.h to src/classlib-symbol.h
config.status:1449: executing depfiles commands
config.status:1449: executing libtool commands

## ---------------- ##
## Cache variables. ##
## ---------------- ##

ac_cv_build=x86_64-pc-linux-gnu
ac_cv_c_compiler_gnu=yes
ac_cv_c_const=yes
ac_cv_env_CCASFLAGS_set=
ac_cv_env_CCASFLAGS_value=
ac_cv_env_CCAS_set=
ac_cv_env_CCAS_value=
ac_cv_env_CC_set=
ac_cv_env_CC_value=
ac_cv_env_CFLAGS_set=set
ac_cv_env_CFLAGS_value='-g -O0'
ac_cv_env_CPPFLAGS_set=
ac_cv_env_CPPFLAGS_value=
ac_cv_env_CPP_set=
ac_cv_env_CPP_value=
ac_cv_env_LDFLAGS_set=
ac_cv_env_LDFLAGS_value=
ac_cv_env_LIBS_set=
ac_cv_env_LIBS_value=
ac_cv_env_LT_SYS_LIBRARY_PATH_set=
ac_cv_env_LT_SYS_LIBRARY_PATH_value=
ac_cv_env_build_alias_set=
ac_cv_env_build_alias_value=
ac_cv_env_host_alias_set=
ac_cv_env_host_alias_value=
ac_cv_env_target_alias_set=
ac_cv_env_target_alias_value=
ac_cv_func_alloca_works=yes
ac_cv_func_getpagesize=yes
ac_cv_func_gettimeofday=yes
ac_cv_func_mmap_fixed_mapped=yes
ac_cv_func_setlocale=yes
ac_cv_func_strtol=yes
ac_cv_header_alloca_h=yes
ac_cv_header_dlfcn_h=yes
ac_cv_header_endian_h=yes
ac_cv_header_inttypes_h=yes
ac_cv_header_locale_h=yes
ac_cv_header_memory_h=yes
ac_cv_header_stdc=yes
ac_cv_header_stdint_h=yes
ac_cv_header_stdlib_h=yes
ac_cv_header_string_h=yes
ac_cv_header_strings_h=yes
ac_cv_header_sys_param_h=yes
ac_cv_header_sys_stat_h=yes
ac_cv_header_sys_time_h=yes
ac_cv_header_sys_types_h=yes
ac_cv_header_time=yes
ac_cv_header_unistd_h=yes
ac_cv_header_zlib_h=yes
ac_cv_host=x86_64-pc-linux-gnu
ac_cv_lib_dl_dlopen=yes
ac_cv_lib_m_fmod=yes
ac_cv_lib_pthread_pthread_self=yes
ac_cv_lib_rt_clock_gettime=yes
ac_cv_lib_thr_pthread_self=no
ac_cv_lib_z_inflate=yes
ac_cv_objext=o
ac_cv_path_EGREP='/bin/grep -E'
ac_cv_path_FGREP='/bin/grep -F'
ac_cv_path_GREP=/bin/grep
ac_cv_path_SED=/bin/sed
ac_cv_path_install='/usr/bin/install -c'
ac_cv_path_lt_DD=/bin/dd
ac_cv_path_mkdir=/bin/mkdir
ac_cv_prog_AWK=gawk
ac_cv_prog_CPP='gcc -E'
ac_cv_prog_JAVAC=ecj
ac_cv_prog_ac_ct_AR=ar
ac_cv_prog_ac_ct_CC=gcc
ac_cv_prog_ac_ct_MANIFEST_TOOL=mt
ac_cv_prog_ac_ct_OBJDUMP=objdump
ac_cv_prog_ac_ct_RANLIB=ranlib
ac_cv_prog_ac_ct_STRIP=strip
ac_cv_prog_cc_c89=
ac_cv_prog_cc_g=yes
ac_cv_prog_make_make_set=yes
ac_cv_type_size_t=yes
ac_cv_working_alloca_h=yes
am_cv_CCAS_dependencies_compiler_type=gcc3
am_cv_CC_dependencies_compiler_type=gcc3
am_cv_make_support_nested_variables=yes
am_cv_prog_cc_c_o=yes
am_cv_val_LC_MESSAGES=yes
lt_cv_ar_at_file=@
lt_cv_archive_cmds_need_lc=no
lt_cv_deplibs_check_method=pass_all
lt_cv_file_magic_cmd='$MAGIC_CMD'
lt_cv_file_magic_test_file=
lt_cv_ld_reload_flag=-r
lt_cv_nm_interface='BSD nm'
lt_cv_objdir=.libs
lt_cv_path_LD=/usr/bin/ld
lt_cv_path_NM='/usr/bin/nm -B'
lt_cv_path_mainfest_tool=no
lt_cv_prog_compiler_c_o=yes
lt_cv_prog_compiler_pic='-fPIC -DPIC'
lt_cv_prog_compiler_pic_works=yes
lt_cv_prog_compiler_rtti_exceptions=no
lt_cv_prog_compiler_static_works=yes
lt_cv_prog_gnu_ld=yes
lt_cv_sharedlib_from_linklib_cmd='printf %s\n'
lt_cv_shlibpath_overrides_runpath=no
lt_cv_sys_global_symbol_pipe='sed -n -e '\''s/^.*[	 ]\([ABCDGIRSTW][ABCDGIRSTW]*\)[	 ][	 ]*\([_A-Za-z][_A-Za-z0-9]*\)$/\1 \2 \2/p'\'' | sed '\''/ __gnu_lto/d'\'''
lt_cv_sys_global_symbol_to_c_name_address='sed -n -e '\''s/^: \(.*\) .*$/  {"\1", (void *) 0},/p'\'' -e '\''s/^[ABCDGIRSTW][ABCDGIRSTW]* .* \(.*\)$/  {"\1", (void *) \&\1},/p'\'''
lt_cv_sys_global_symbol_to_c_name_address_lib_prefix='sed -n -e '\''s/^: \(.*\) .*$/  {"\1", (void *) 0},/p'\'' -e '\''s/^[ABCDGIRSTW][ABCDGIRSTW]* .* \(lib.*\)$/  {"\1", (void *) \&\1},/p'\'' -e '\''s/^[ABCDGIRSTW][ABCDGIRSTW]* .* \(.*\)$/  {"lib\1", (void *) \&\1},/p'\'''
lt_cv_sys_global_symbol_to_cdecl='sed -n -e '\''s/^T .* \(.*\)$/extern int \1();/p'\'' -e '\''s/^[ABCDGIRSTW][ABCDGIRSTW]* .* \(.*\)$/extern char \1;/p'\'''
lt_cv_sys_global_symbol_to_import=
lt_cv_sys_max_cmd_len=1572864
lt_cv_to_host_file_cmd=func_convert_file_noop
lt_cv_to_tool_file_cmd=func_convert_file_noop
lt_cv_truncate_bin='/bin/dd bs=4096 count=1'

## ----------------- ##
## Output variables. ##
## ----------------- ##

ACLOCAL='${SHELL} /home/vagrant/Desktop/jamvm/missing aclocal-1.15'
ALLOCA=''
AMDEPBACKSLASH='\'
AMDEP_FALSE='#'
AMDEP_TRUE=''
AMTAR='$${TAR-tar}'
AM_BACKSLASH='\'
AM_DEFAULT_V='$(AM_DEFAULT_VERBOSITY)'
AM_DEFAULT_VERBOSITY='1'
AM_V='$(V)'
AR='ar'
AUTOCONF='${SHELL} /home/vagrant/Desktop/jamvm/missing autoconf'
AUTOHEADER='${SHELL} /home/vagrant/Desktop/jamvm/missing autoheader'
AUTOMAKE='${SHELL} /home/vagrant/Desktop/jamvm/missing automake-1.15'
AWK='gawk'
CC='gcc'
CCAS='gcc'
CCASDEPMODE='depmode=gcc3'
CCASFLAGS='-g -O0'
CCDEPMODE='depmode=gcc3'
CFLAGS='-g -O0'
COMPILE_TIME_RELOC_CHECKS_FALSE='#'
COMPILE_TIME_RELOC_CHECKS_TRUE=''
CPP='gcc -E'
CPPFLAGS=''
CYGPATH_W='echo'
DEFS='-DHAVE_CONFIG_H'
DEPDIR='.deps'
DLLTOOL='false'
DSYMUTIL=''
DUMPBIN=''
ECHO_C=''
ECHO_N='-n'
ECHO_T=''
EGREP='/bin/grep -E'
EXEEXT=''
FGREP='/bin/grep -F'
GREP='/bin/grep'
INSTALL_DATA='${INSTALL} -m 644'
INSTALL_PROGRAM='${INSTALL}'
INSTALL_SCRIPT='${INSTALL}'
INSTALL_STRIP_PROGRAM='$(install_sh) -c -s'
JAVAC='ecj'
LD='/usr/bin/ld -m elf_x86_64'
LDFLAGS=''
LIBOBJS=''
LIBS='-lz -ldl -lm -lrt -lpthread '
LIBTOOL='$(SHELL) $(top_builddir)/libtool'
LIPO=''
LN_S='ln -s'
LTLIBOBJS=''
LT_SYS_LIBRARY_PATH=''
MAINT='#'
MAINTAINER_MODE_FALSE=''
MAINTAINER_MODE_TRUE='#'
MAKEINFO='${SHELL} /home/vagrant/Desktop/jamvm/missing makeinfo'
MANIFEST_TOOL=':'
MKDIR_P='/bin/mkdir -p'
NM='/usr/bin/nm -B'
NMEDIT=''
OBJDUMP='objdump'
OBJEXT='o'
OTOOL64=''
OTOOL=''
PACKAGE='jamvm'
PACKAGE_BUGREPORT=''
PACKAGE_NAME='jamvm'
PACKAGE_STRING='jamvm 2.0.1-devel'
PACKAGE_TARNAME='jamvm'
PACKAGE_URL=''
PACKAGE_VERSION='2.0.1-devel'
PATH_SEPARATOR=':'
RANLIB='ranlib'
SED='/bin/sed'
SET_MAKE=''
SHELL='/bin/bash'
STRIP='strip'
VERSION='2.0.1-devel'
ac_ct_AR='ar'
ac_ct_CC='gcc'
ac_ct_DUMPBIN=''
am__EXEEXT_FALSE=''
am__EXEEXT_TRUE='#'
am__fastdepCCAS_FALSE='#'
am__fastdepCCAS_TRUE=''
am__fastdepCC_FALSE='#'
am__fastdepCC_TRUE=''
am__include='include'
am__isrc=''
am__leading_dot='.'
am__nodep='_no'
am__quote=''
am__tar='$${TAR-tar} chof - "$$tardir"'
am__untar='$${TAR-tar} xf -'
arch='x86_64'
bindir='${exec_prefix}/bin'
build='x86_64-pc-linux-gnu'
build_alias=''
build_cpu='x86_64'
build_os='linux-gnu'
build_vendor='pc'
classlib='gnuclasspath'
datadir='${datarootdir}'
datarootdir='${prefix}/share'
docdir='${datarootdir}/doc/${PACKAGE_TARNAME}'
dvidir='${docdir}'
exec_prefix='${prefix}'
host='x86_64-pc-linux-gnu'
host_alias=''
host_cpu='x86_64'
host_os='linux'
host_vendor='pc'
htmldir='${docdir}'
includedir='${prefix}/include'
infodir='${datarootdir}/info'
install_sh='${SHELL} /home/vagrant/Desktop/jamvm/install-sh'
interp_cflags=' -fno-reorder-blocks'
libdir='${exec_prefix}/lib'
libexecdir='${exec_prefix}/libexec'
localedir='${datarootdir}/locale'
localstatedir='${prefix}/var'
mandir='${datarootdir}/man'
mkdir_p='$(MKDIR_P)'
oldincludedir='/usr/include'
os='linux'
pdfdir='${docdir}'
prefix='/usr/local/jamvm'
program_transform_name='s,x,x,'
psdir='${docdir}'
runstatedir='${localstatedir}/run'
sbindir='${exec_prefix}/sbin'
sharedstatedir='${prefix}/com'
sysconfdir='${prefix}/etc'
target_alias=''
use_zip_no='#'
use_zip_yes=''
with_classpath_install_dir='/usr/local/classpath'

## ----------- ##
## confdefs.h. ##
## ----------- ##

/* confdefs.h */
#define PACKAGE_NAME "jamvm"
#define PACKAGE_TARNAME "jamvm"
#define PACKAGE_VERSION "2.0.1-devel"
#define PACKAGE_STRING "jamvm 2.0.1-devel"
#define PACKAGE_BUGREPORT ""
#define PACKAGE_URL ""
#define PACKAGE "jamvm"
#define VERSION "2.0.1-devel"
#define TRACETHREAD 1
#define THREADED 1
#define DIRECT 1
#define INLINING 1
#define CLASSPATH_INSTALL_DIR "/usr/local/classpath"
#define INSTALL_DIR "/usr/local/jamvm"
#define STDC_HEADERS 1
#define HAVE_SYS_TYPES_H 1
#define HAVE_SYS_STAT_H 1
#define HAVE_STDLIB_H 1
#define HAVE_STRING_H 1
#define HAVE_MEMORY_H 1
#define HAVE_STRINGS_H 1
#define HAVE_INTTYPES_H 1
#define HAVE_STDINT_H 1
#define HAVE_UNISTD_H 1
#define HAVE_DLFCN_H 1
#define LT_OBJDIR ".libs/"
#define HAVE_LIBPTHREAD 1
#define HAVE_LIBRT 1
#define HAVE_LIBM 1
#define HAVE_LIBDL 1
#define HAVE_LIBZ 1
#define STDC_HEADERS 1
#define HAVE_SYS_TIME_H 1
#define HAVE_UNISTD_H 1
#define HAVE_ENDIAN_H 1
#define HAVE_SYS_PARAM_H 1
#define HAVE_LOCALE_H 1
#define HAVE_ALLOCA_H 1
#define USE_ZIP 1
#define TIME_WITH_SYS_TIME 1
#define HAVE_ALLOCA_H 1
#define HAVE_ALLOCA 1
#define HAVE_STDLIB_H 1
#define HAVE_UNISTD_H 1
#define HAVE_SYS_PARAM_H 1
#define HAVE_GETPAGESIZE 1
#define HAVE_MMAP 1
#define HAVE_GETTIMEOFDAY 1
#define HAVE_STRTOL 1
#define HAVE_SETLOCALE 1
#define HAVE_LC_MESSAGES 1
#define HAVE_TLS 1
#define SHARED_CHAR_BUFFERS 1
#define VERSION_MAJOR 2
#define VERSION_MINOR 0
#define VERSION_MICRO 1

configure: exit 0
